2021-52-14 21:52:45.811 [main] INFO  module9.VTBhomework3.Main - Яблоко
2021-52-14 21:52:45.819 [main] INFO  module9.VTBhomework3.Main - Яблоко
2021-52-14 21:52:45.819 [main] INFO  module9.VTBhomework3.Main - Яблоко
2021-52-14 21:52:45.819 [main] INFO  module9.VTBhomework3.Main - Яблоко
2021-52-14 21:52:45.823 [main] INFO  module9.VTBhomework3.Main - Яблоко
2021-52-14 21:52:45.823 [main] INFO  module9.VTBhomework3.Main - Яблоко
2021-52-14 21:52:45.823 [main] INFO  module9.VTBhomework3.Main - Яблоко
2021-52-14 21:52:45.823 [main] INFO  module9.VTBhomework3.Main - Яблоко
2021-52-14 21:52:45.823 [main] INFO  module9.VTBhomework3.Main - Яблоко
2021-52-14 21:52:45.823 [main] INFO  module9.VTBhomework3.Main - Яблоко
2021-52-14 21:52:45.827 [main] INFO  module9.VTBhomework3.Main - 
Проверка на пустую коробку

2021-52-14 21:52:45.827 [main] INFO  module9.VTBhomework3.Main - Апельсин
2021-52-14 21:52:45.827 [main] INFO  module9.VTBhomework3.Main - Апельсин
2021-52-14 21:52:45.827 [main] INFO  module9.VTBhomework3.Main - Апельсин
2021-52-14 21:52:45.827 [main] INFO  module9.VTBhomework3.Main - Апельсин
2021-52-14 21:52:45.827 [main] INFO  module9.VTBhomework3.Main - Апельсин
2021-52-14 21:52:45.827 [main] INFO  module9.VTBhomework3.Main - Апельсин
2021-52-14 21:52:45.831 [main] INFO  module9.VTBhomework3.Main - Апельсин
2021-52-14 21:52:45.831 [main] INFO  module9.VTBhomework3.Main - Апельсин
2021-52-14 21:52:45.831 [main] INFO  module9.VTBhomework3.Main - Апельсин
2021-52-14 21:52:45.831 [main] INFO  module9.VTBhomework3.Main - Апельсин
2021-22-01 14:22:39.732 [main] INFO  org.hibernate.Version - HHH000412: Hibernate ORM core version 5.6.1.Final
2021-22-01 14:22:41.382 [main] INFO  org.hibernate.annotations.common.Version - HCANN000001: Hibernate Commons Annotations {5.1.2.Final}
2021-22-01 14:22:42.002 [main] INFO  org.hibernate.orm.connections.pooling - HHH10001005: using driver [com.mysql.cj.jdbc.Driver] at URL [jdbc:mysql://localhost:3306/skillbox?useSSL=false]
2021-22-01 14:22:42.002 [main] INFO  org.hibernate.orm.connections.pooling - HHH10001001: Connection properties: {password=password, user=root}
2021-22-01 14:22:42.002 [main] INFO  org.hibernate.orm.connections.pooling - HHH10001003: Autocommit mode: false
2021-22-01 14:22:42.012 [main] INFO  org.hibernate.engine.jdbc.connections.internal.DriverManagerConnectionProviderImpl - HHH000115: Hibernate connection pool size: 10 (min=1)
2021-22-01 14:22:42.445 [main] INFO  org.hibernate.dialect.Dialect - HHH000400: Using dialect: org.hibernate.dialect.MySQL5Dialect
2021-23-01 14:23:00.359 [main] INFO  org.hibernate.Version - HHH000412: Hibernate ORM core version 5.6.1.Final
2021-23-01 14:23:01.721 [main] INFO  org.hibernate.annotations.common.Version - HCANN000001: Hibernate Commons Annotations {5.1.2.Final}
2021-23-01 14:23:02.340 [main] INFO  org.hibernate.orm.connections.pooling - HHH10001005: using driver [com.mysql.cj.jdbc.Driver] at URL [jdbc:mysql://localhost:3306/skillbox?useSSL=false]
2021-23-01 14:23:02.340 [main] INFO  org.hibernate.orm.connections.pooling - HHH10001001: Connection properties: {password=password, user=root}
2021-23-01 14:23:02.340 [main] INFO  org.hibernate.orm.connections.pooling - HHH10001003: Autocommit mode: false
2021-23-01 14:23:02.355 [main] INFO  org.hibernate.engine.jdbc.connections.internal.DriverManagerConnectionProviderImpl - HHH000115: Hibernate connection pool size: 10 (min=1)
2021-23-01 14:23:02.741 [main] INFO  org.hibernate.dialect.Dialect - HHH000400: Using dialect: org.hibernate.dialect.MySQL5Dialect
2021-35-01 14:35:07.765 [main] INFO  org.hibernate.Version - HHH000412: Hibernate ORM core version 5.6.1.Final
2021-35-01 14:35:09.025 [main] INFO  org.hibernate.annotations.common.Version - HCANN000001: Hibernate Commons Annotations {5.1.2.Final}
2021-35-01 14:35:09.622 [main] INFO  org.hibernate.orm.connections.pooling - HHH10001005: using driver [com.mysql.cj.jdbc.Driver] at URL [jdbc:mysql://localhost:3306/skillbox?useSSL=false]
2021-35-01 14:35:09.622 [main] INFO  org.hibernate.orm.connections.pooling - HHH10001001: Connection properties: {password=password, user=root}
2021-35-01 14:35:09.622 [main] INFO  org.hibernate.orm.connections.pooling - HHH10001003: Autocommit mode: false
2021-35-01 14:35:09.638 [main] INFO  org.hibernate.engine.jdbc.connections.internal.DriverManagerConnectionProviderImpl - HHH000115: Hibernate connection pool size: 10 (min=1)
2021-35-01 14:35:09.923 [main] INFO  org.hibernate.dialect.Dialect - HHH000400: Using dialect: org.hibernate.dialect.MySQL5Dialect
2021-36-01 14:36:02.568 [main] INFO  org.hibernate.Version - HHH000412: Hibernate ORM core version 5.6.1.Final
2021-36-01 14:36:03.641 [main] INFO  org.hibernate.annotations.common.Version - HCANN000001: Hibernate Commons Annotations {5.1.2.Final}
2021-36-01 14:36:04.174 [main] INFO  org.hibernate.orm.connections.pooling - HHH10001005: using driver [com.mysql.cj.jdbc.Driver] at URL [jdbc:mysql://localhost:3306/skillbox?useSSL=false]
2021-36-01 14:36:04.174 [main] INFO  org.hibernate.orm.connections.pooling - HHH10001001: Connection properties: {password=password, user=root}
2021-36-01 14:36:04.174 [main] INFO  org.hibernate.orm.connections.pooling - HHH10001003: Autocommit mode: false
2021-36-01 14:36:04.190 [main] INFO  org.hibernate.engine.jdbc.connections.internal.DriverManagerConnectionProviderImpl - HHH000115: Hibernate connection pool size: 10 (min=1)
2021-36-01 14:36:04.490 [main] INFO  org.hibernate.dialect.Dialect - HHH000400: Using dialect: org.hibernate.dialect.MySQL5Dialect
2021-42-01 14:42:38.031 [main] INFO  org.hibernate.Version - HHH000412: Hibernate ORM core version 5.6.1.Final
2021-42-01 14:42:39.388 [main] INFO  org.hibernate.annotations.common.Version - HCANN000001: Hibernate Commons Annotations {5.1.2.Final}
2021-42-01 14:42:39.937 [main] INFO  org.hibernate.orm.connections.pooling - HHH10001005: using driver [com.mysql.cj.jdbc.Driver] at URL [jdbc:mysql://localhost:3306/skillbox?useSSL=false]
2021-42-01 14:42:39.937 [main] INFO  org.hibernate.orm.connections.pooling - HHH10001001: Connection properties: {password=password, user=root}
2021-42-01 14:42:39.937 [main] INFO  org.hibernate.orm.connections.pooling - HHH10001003: Autocommit mode: false
2021-42-01 14:42:39.952 [main] INFO  org.hibernate.engine.jdbc.connections.internal.DriverManagerConnectionProviderImpl - HHH000115: Hibernate connection pool size: 10 (min=1)
2021-42-01 14:42:40.237 [main] INFO  org.hibernate.dialect.Dialect - HHH000400: Using dialect: org.hibernate.dialect.MySQL5Dialect
2021-45-01 14:45:01.597 [main] INFO  org.hibernate.Version - HHH000412: Hibernate ORM core version 5.6.1.Final
2021-45-01 14:45:03.502 [main] INFO  org.hibernate.annotations.common.Version - HCANN000001: Hibernate Commons Annotations {5.1.2.Final}
2021-45-01 14:45:04.222 [main] INFO  org.hibernate.orm.connections.pooling - HHH10001005: using driver [com.mysql.cj.jdbc.Driver] at URL [jdbc:mysql://localhost:3306/skillbox?useSSL=false]
2021-45-01 14:45:04.222 [main] INFO  org.hibernate.orm.connections.pooling - HHH10001001: Connection properties: {password=password, user=root}
2021-45-01 14:45:04.222 [main] INFO  org.hibernate.orm.connections.pooling - HHH10001003: Autocommit mode: false
2021-45-01 14:45:04.238 [main] INFO  org.hibernate.engine.jdbc.connections.internal.DriverManagerConnectionProviderImpl - HHH000115: Hibernate connection pool size: 10 (min=1)
2021-45-01 14:45:04.602 [main] INFO  org.hibernate.dialect.Dialect - HHH000400: Using dialect: org.hibernate.dialect.MySQL5Dialect
2021-45-01 14:45:29.196 [main] INFO  org.hibernate.Version - HHH000412: Hibernate ORM core version 5.6.1.Final
2021-45-01 14:45:30.472 [main] INFO  org.hibernate.annotations.common.Version - HCANN000001: Hibernate Commons Annotations {5.1.2.Final}
2021-45-01 14:45:31.072 [main] INFO  org.hibernate.orm.connections.pooling - HHH10001005: using driver [com.mysql.cj.jdbc.Driver] at URL [jdbc:mysql://localhost:3306/skillbox?useSSL=false]
2021-45-01 14:45:31.077 [main] INFO  org.hibernate.orm.connections.pooling - HHH10001001: Connection properties: {password=password, user=root}
2021-45-01 14:45:31.077 [main] INFO  org.hibernate.orm.connections.pooling - HHH10001003: Autocommit mode: false
2021-45-01 14:45:31.077 [main] INFO  org.hibernate.engine.jdbc.connections.internal.DriverManagerConnectionProviderImpl - HHH000115: Hibernate connection pool size: 10 (min=1)
2021-45-01 14:45:31.462 [main] INFO  org.hibernate.dialect.Dialect - HHH000400: Using dialect: org.hibernate.dialect.MySQL5Dialect
2021-46-01 14:46:22.501 [main] INFO  org.hibernate.Version - HHH000412: Hibernate ORM core version 5.6.1.Final
2021-47-01 14:47:19.151 [main] INFO  org.hibernate.annotations.common.Version - HCANN000001: Hibernate Commons Annotations {5.1.2.Final}
2021-48-01 14:48:16.359 [main] INFO  org.hibernate.orm.connections.pooling - HHH10001005: using driver [com.mysql.cj.jdbc.Driver] at URL [jdbc:mysql://localhost:3306/skillbox?useSSL=false]
2021-48-01 14:48:16.359 [main] INFO  org.hibernate.orm.connections.pooling - HHH10001001: Connection properties: {password=password, user=root}
2021-48-01 14:48:16.359 [main] INFO  org.hibernate.orm.connections.pooling - HHH10001003: Autocommit mode: false
2021-48-01 14:48:16.390 [main] INFO  org.hibernate.engine.jdbc.connections.internal.DriverManagerConnectionProviderImpl - HHH000115: Hibernate connection pool size: 10 (min=1)
2021-48-01 14:48:17.778 [main] INFO  org.hibernate.dialect.Dialect - HHH000400: Using dialect: org.hibernate.dialect.MySQL5Dialect
2021-48-01 14:48:49.695 [main] INFO  org.hibernate.Version - HHH000412: Hibernate ORM core version 5.6.1.Final
2021-48-01 14:48:51.125 [main] INFO  org.hibernate.annotations.common.Version - HCANN000001: Hibernate Commons Annotations {5.1.2.Final}
2021-48-01 14:48:51.673 [main] INFO  org.hibernate.orm.connections.pooling - HHH10001005: using driver [com.mysql.cj.jdbc.Driver] at URL [jdbc:mysql://localhost:3306/skillbox?useSSL=false]
2021-48-01 14:48:51.673 [main] INFO  org.hibernate.orm.connections.pooling - HHH10001001: Connection properties: {password=password, user=root}
2021-48-01 14:48:51.673 [main] INFO  org.hibernate.orm.connections.pooling - HHH10001003: Autocommit mode: false
2021-48-01 14:48:51.673 [main] INFO  org.hibernate.engine.jdbc.connections.internal.DriverManagerConnectionProviderImpl - HHH000115: Hibernate connection pool size: 10 (min=1)
2021-48-01 14:48:51.990 [main] INFO  org.hibernate.dialect.Dialect - HHH000400: Using dialect: org.hibernate.dialect.MySQL5Dialect
2021-50-01 14:50:12.434 [main] INFO  org.hibernate.Version - HHH000412: Hibernate ORM core version 5.6.1.Final
2021-50-01 14:50:13.814 [main] INFO  org.hibernate.annotations.common.Version - HCANN000001: Hibernate Commons Annotations {5.1.2.Final}
2021-50-01 14:50:14.440 [main] INFO  org.hibernate.orm.connections.pooling - HHH10001005: using driver [com.mysql.cj.jdbc.Driver] at URL [jdbc:mysql://localhost:3306/skillbox?useSSL=false]
2021-50-01 14:50:14.440 [main] INFO  org.hibernate.orm.connections.pooling - HHH10001001: Connection properties: {password=password, user=root}
2021-50-01 14:50:14.440 [main] INFO  org.hibernate.orm.connections.pooling - HHH10001003: Autocommit mode: false
2021-50-01 14:50:14.440 [main] INFO  org.hibernate.engine.jdbc.connections.internal.DriverManagerConnectionProviderImpl - HHH000115: Hibernate connection pool size: 10 (min=1)
2021-50-01 14:50:14.756 [main] INFO  org.hibernate.dialect.Dialect - HHH000400: Using dialect: org.hibernate.dialect.MySQL5Dialect
2021-58-01 14:58:37.281 [main] INFO  org.hibernate.Version - HHH000412: Hibernate ORM core version 5.6.1.Final
2021-58-01 14:58:38.591 [main] INFO  org.hibernate.annotations.common.Version - HCANN000001: Hibernate Commons Annotations {5.1.2.Final}
2021-58-01 14:58:39.130 [main] INFO  org.hibernate.orm.connections.pooling - HHH10001005: using driver [com.mysql.cj.jdbc.Driver] at URL [jdbc:mysql://localhost:3306/skillbox?useSSL=false]
2021-58-01 14:58:39.130 [main] INFO  org.hibernate.orm.connections.pooling - HHH10001001: Connection properties: {password=password, user=root}
2021-58-01 14:58:39.130 [main] INFO  org.hibernate.orm.connections.pooling - HHH10001003: Autocommit mode: false
2021-58-01 14:58:39.145 [main] INFO  org.hibernate.engine.jdbc.connections.internal.DriverManagerConnectionProviderImpl - HHH000115: Hibernate connection pool size: 10 (min=1)
2021-58-01 14:58:39.430 [main] INFO  org.hibernate.dialect.Dialect - HHH000400: Using dialect: org.hibernate.dialect.MySQL5Dialect
2021-12-01 15:12:17.710 [main] INFO  org.hibernate.Version - HHH000412: Hibernate ORM core version 5.6.1.Final
2021-12-01 15:12:19.061 [main] INFO  org.hibernate.annotations.common.Version - HCANN000001: Hibernate Commons Annotations {5.1.2.Final}
2021-12-01 15:12:19.587 [main] INFO  org.hibernate.orm.connections.pooling - HHH10001005: using driver [com.mysql.cj.jdbc.Driver] at URL [jdbc:mysql://localhost:3306/skillbox?useSSL=false]
2021-12-01 15:12:19.587 [main] INFO  org.hibernate.orm.connections.pooling - HHH10001001: Connection properties: {password=password, user=root}
2021-12-01 15:12:19.587 [main] INFO  org.hibernate.orm.connections.pooling - HHH10001003: Autocommit mode: false
2021-12-01 15:12:19.587 [main] INFO  org.hibernate.engine.jdbc.connections.internal.DriverManagerConnectionProviderImpl - HHH000115: Hibernate connection pool size: 10 (min=1)
2021-12-01 15:12:19.888 [main] INFO  org.hibernate.dialect.Dialect - HHH000400: Using dialect: org.hibernate.dialect.MySQL5Dialect
2021-15-01 15:15:27.602 [main] INFO  org.hibernate.Version - HHH000412: Hibernate ORM core version 5.6.1.Final
2021-15-01 15:15:28.953 [main] INFO  org.hibernate.annotations.common.Version - HCANN000001: Hibernate Commons Annotations {5.1.2.Final}
2021-15-01 15:15:29.593 [main] INFO  org.hibernate.orm.connections.pooling - HHH10001005: using driver [com.mysql.cj.jdbc.Driver] at URL [jdbc:mysql://localhost:3306/skillbox?useSSL=false]
2021-15-01 15:15:29.593 [main] INFO  org.hibernate.orm.connections.pooling - HHH10001001: Connection properties: {password=password, user=root}
2021-15-01 15:15:29.593 [main] INFO  org.hibernate.orm.connections.pooling - HHH10001003: Autocommit mode: false
2021-15-01 15:15:29.608 [main] INFO  org.hibernate.engine.jdbc.connections.internal.DriverManagerConnectionProviderImpl - HHH000115: Hibernate connection pool size: 10 (min=1)
2021-15-01 15:15:29.931 [main] INFO  org.hibernate.dialect.Dialect - HHH000400: Using dialect: org.hibernate.dialect.MySQL5Dialect
2021-35-01 15:35:00.707 [main] INFO  org.hibernate.Version - HHH000412: Hibernate ORM core version 5.6.1.Final
2021-35-01 15:35:02.087 [main] INFO  org.hibernate.annotations.common.Version - HCANN000001: Hibernate Commons Annotations {5.1.2.Final}
2021-35-01 15:35:02.667 [main] INFO  org.hibernate.orm.connections.pooling - HHH10001005: using driver [com.mysql.cj.jdbc.Driver] at URL [jdbc:mysql://localhost:3306/skillbox?useSSL=false]
2021-35-01 15:35:02.667 [main] INFO  org.hibernate.orm.connections.pooling - HHH10001001: Connection properties: {password=password, user=root}
2021-35-01 15:35:02.667 [main] INFO  org.hibernate.orm.connections.pooling - HHH10001003: Autocommit mode: false
2021-35-01 15:35:02.678 [main] INFO  org.hibernate.engine.jdbc.connections.internal.DriverManagerConnectionProviderImpl - HHH000115: Hibernate connection pool size: 10 (min=1)
2021-35-01 15:35:02.987 [main] INFO  org.hibernate.dialect.Dialect - HHH000400: Using dialect: org.hibernate.dialect.MySQL5Dialect
2021-35-01 15:35:03.062 [main] INFO  org.hibernate.orm.connections.pooling - HHH10001008: Cleaning up connection pool [jdbc:mysql://localhost:3306/skillbox?useSSL=false]
2021-36-01 15:36:01.795 [main] INFO  org.hibernate.Version - HHH000412: Hibernate ORM core version 5.6.1.Final
2021-36-01 15:36:03.053 [main] INFO  org.hibernate.annotations.common.Version - HCANN000001: Hibernate Commons Annotations {5.1.2.Final}
2021-36-01 15:36:03.709 [main] INFO  org.hibernate.orm.connections.pooling - HHH10001005: using driver [com.mysql.cj.jdbc.Driver] at URL [jdbc:mysql://localhost:3306/skillbox?useSSL=false]
2021-36-01 15:36:03.709 [main] INFO  org.hibernate.orm.connections.pooling - HHH10001001: Connection properties: {password=password, user=root}
2021-36-01 15:36:03.709 [main] INFO  org.hibernate.orm.connections.pooling - HHH10001003: Autocommit mode: false
2021-36-01 15:36:03.709 [main] INFO  org.hibernate.engine.jdbc.connections.internal.DriverManagerConnectionProviderImpl - HHH000115: Hibernate connection pool size: 10 (min=1)
2021-36-01 15:36:04.025 [main] INFO  org.hibernate.dialect.Dialect - HHH000400: Using dialect: org.hibernate.dialect.MySQL5Dialect
2021-36-01 15:36:04.141 [main] INFO  org.hibernate.orm.connections.pooling - HHH10001008: Cleaning up connection pool [jdbc:mysql://localhost:3306/skillbox?useSSL=false]
2021-38-01 15:38:39.552 [main] INFO  org.hibernate.Version - HHH000412: Hibernate ORM core version 5.6.1.Final
2021-38-01 15:38:41.147 [main] INFO  org.hibernate.annotations.common.Version - HCANN000001: Hibernate Commons Annotations {5.1.2.Final}
2021-38-01 15:38:41.682 [main] INFO  org.hibernate.orm.connections.pooling - HHH10001005: using driver [com.mysql.cj.jdbc.Driver] at URL [jdbc:mysql://localhost:3306/skillbox?useSSL=false]
2021-38-01 15:38:41.682 [main] INFO  org.hibernate.orm.connections.pooling - HHH10001001: Connection properties: {password=password, user=root}
2021-38-01 15:38:41.682 [main] INFO  org.hibernate.orm.connections.pooling - HHH10001003: Autocommit mode: false
2021-38-01 15:38:41.692 [main] INFO  org.hibernate.engine.jdbc.connections.internal.DriverManagerConnectionProviderImpl - HHH000115: Hibernate connection pool size: 10 (min=1)
2021-38-01 15:38:42.036 [main] INFO  org.hibernate.dialect.Dialect - HHH000400: Using dialect: org.hibernate.dialect.MySQL5Dialect
2021-38-01 15:38:42.121 [main] INFO  org.hibernate.orm.connections.pooling - HHH10001008: Cleaning up connection pool [jdbc:mysql://localhost:3306/skillbox?useSSL=false]
2021-39-01 15:39:37.080 [main] INFO  org.hibernate.Version - HHH000412: Hibernate ORM core version 5.6.1.Final
2021-39-01 15:39:38.249 [main] INFO  org.hibernate.annotations.common.Version - HCANN000001: Hibernate Commons Annotations {5.1.2.Final}
2021-39-01 15:39:38.803 [main] INFO  org.hibernate.orm.connections.pooling - HHH10001005: using driver [com.mysql.cj.jdbc.Driver] at URL [jdbc:mysql://localhost:3306/skillbox?useSSL=false]
2021-39-01 15:39:38.803 [main] INFO  org.hibernate.orm.connections.pooling - HHH10001001: Connection properties: {password=password, user=root}
2021-39-01 15:39:38.803 [main] INFO  org.hibernate.orm.connections.pooling - HHH10001003: Autocommit mode: false
2021-39-01 15:39:38.811 [main] INFO  org.hibernate.engine.jdbc.connections.internal.DriverManagerConnectionProviderImpl - HHH000115: Hibernate connection pool size: 10 (min=1)
2021-39-01 15:39:39.122 [main] INFO  org.hibernate.dialect.Dialect - HHH000400: Using dialect: org.hibernate.dialect.MySQL5Dialect
2021-39-01 15:39:39.333 [main] INFO  org.hibernate.orm.connections.pooling - HHH10001008: Cleaning up connection pool [jdbc:mysql://localhost:3306/skillbox?useSSL=false]
2021-03-01 16:03:22.760 [main] INFO  org.hibernate.Version - HHH000412: Hibernate ORM core version 5.6.1.Final
2021-03-01 16:03:24.302 [main] INFO  org.hibernate.annotations.common.Version - HCANN000001: Hibernate Commons Annotations {5.1.2.Final}
2021-03-01 16:03:24.863 [main] INFO  org.hibernate.orm.connections.pooling - HHH10001005: using driver [com.mysql.jdbc.Driver] at URL [jdbc:mysql://localhost:3306/skillbox?useSSL=false]
2021-03-01 16:03:24.863 [main] INFO  org.hibernate.orm.connections.pooling - HHH10001001: Connection properties: {password=password, user=root}
2021-03-01 16:03:24.863 [main] INFO  org.hibernate.orm.connections.pooling - HHH10001003: Autocommit mode: false
2021-03-01 16:03:24.863 [main] INFO  org.hibernate.engine.jdbc.connections.internal.DriverManagerConnectionProviderImpl - HHH000115: Hibernate connection pool size: 10 (min=1)
2021-03-01 16:03:25.233 [main] INFO  org.hibernate.dialect.Dialect - HHH000400: Using dialect: org.hibernate.dialect.MySQL5Dialect
2021-03-01 16:03:25.311 [main] INFO  org.hibernate.orm.connections.pooling - HHH10001008: Cleaning up connection pool [jdbc:mysql://localhost:3306/skillbox?useSSL=false]
2021-03-01 16:03:39.406 [main] INFO  org.hibernate.Version - HHH000412: Hibernate ORM core version 5.6.1.Final
2021-03-01 16:03:40.629 [main] INFO  org.hibernate.annotations.common.Version - HCANN000001: Hibernate Commons Annotations {5.1.2.Final}
2021-03-01 16:03:41.228 [main] INFO  org.hibernate.orm.connections.pooling - HHH10001005: using driver [com.mysql.cj.jdbc.Driver] at URL [jdbc:mysql://localhost:3306/skillbox?useSSL=false]
2021-03-01 16:03:41.228 [main] INFO  org.hibernate.orm.connections.pooling - HHH10001001: Connection properties: {password=password, user=root}
2021-03-01 16:03:41.228 [main] INFO  org.hibernate.orm.connections.pooling - HHH10001003: Autocommit mode: false
2021-03-01 16:03:41.237 [main] INFO  org.hibernate.engine.jdbc.connections.internal.DriverManagerConnectionProviderImpl - HHH000115: Hibernate connection pool size: 10 (min=1)
2021-03-01 16:03:41.478 [main] INFO  org.hibernate.dialect.Dialect - HHH000400: Using dialect: org.hibernate.dialect.MySQL5Dialect
2021-03-01 16:03:41.579 [main] INFO  org.hibernate.orm.connections.pooling - HHH10001008: Cleaning up connection pool [jdbc:mysql://localhost:3306/skillbox?useSSL=false]
2021-54-02 13:54:02.775 [main] INFO  org.hibernate.Version - HHH000412: Hibernate ORM core version 5.6.1.Final
2021-54-02 13:54:04.040 [main] INFO  org.hibernate.annotations.common.Version - HCANN000001: Hibernate Commons Annotations {5.1.2.Final}
2021-54-02 13:54:04.536 [main] INFO  org.hibernate.orm.connections.pooling - HHH10001005: using driver [com.mysql.cj.jdbc.Driver] at URL [jdbc:mysql://localhost:3306/skillbox?useSSL=false]
2021-54-02 13:54:04.536 [main] INFO  org.hibernate.orm.connections.pooling - HHH10001001: Connection properties: {password=password, user=root}
2021-54-02 13:54:04.536 [main] INFO  org.hibernate.orm.connections.pooling - HHH10001003: Autocommit mode: false
2021-54-02 13:54:04.552 [main] INFO  org.hibernate.engine.jdbc.connections.internal.DriverManagerConnectionProviderImpl - HHH000115: Hibernate connection pool size: 10 (min=1)
2021-54-02 13:54:04.937 [main] INFO  org.hibernate.dialect.Dialect - HHH000400: Using dialect: org.hibernate.dialect.MySQL5Dialect
2021-54-02 13:54:06.210 [main] INFO  org.hibernate.orm.connections.access - HHH10001501: Connection obtained from JdbcConnectionAccess [org.hibernate.engine.jdbc.env.internal.JdbcEnvironmentInitiator$ConnectionProviderJdbcConnectionAccess@545b5ed0] for (non-JTA) DDL execution was not in auto-commit mode; the Connection 'local transaction' will be committed and the Connection will be set into auto-commit mode.
2021-54-02 13:54:06.699 [main] INFO  org.hibernate.orm.connections.pooling - HHH10001008: Cleaning up connection pool [jdbc:mysql://localhost:3306/skillbox?useSSL=false]
2021-10-05 14:10:14.894 [main] INFO  org.hibernate.Version - HHH000412: Hibernate ORM core version 5.6.1.Final
2021-14-05 14:14:02.519 [main] INFO  org.hibernate.Version - HHH000412: Hibernate ORM core version 5.6.1.Final
2021-14-05 14:14:03.890 [main] INFO  org.hibernate.annotations.common.Version - HCANN000001: Hibernate Commons Annotations {5.1.2.Final}
2021-14-05 14:14:04.403 [main] INFO  org.hibernate.orm.connections.pooling - HHH10001005: using driver [com.mysql.cj.jdbc.Driver] at URL [jdbc:mysql://localhost:3306/skillbox?useSSL=false]
2021-14-05 14:14:04.403 [main] INFO  org.hibernate.orm.connections.pooling - HHH10001001: Connection properties: {password=password, user=root}
2021-14-05 14:14:04.403 [main] INFO  org.hibernate.orm.connections.pooling - HHH10001003: Autocommit mode: false
2021-14-05 14:14:04.403 [main] INFO  org.hibernate.engine.jdbc.connections.internal.DriverManagerConnectionProviderImpl - HHH000115: Hibernate connection pool size: 10 (min=1)
2021-14-05 14:14:04.766 [main] INFO  org.hibernate.dialect.Dialect - HHH000400: Using dialect: org.hibernate.dialect.MySQL5Dialect
2021-14-05 14:14:05.985 [main] INFO  org.hibernate.orm.connections.access - HHH10001501: Connection obtained from JdbcConnectionAccess [org.hibernate.engine.jdbc.env.internal.JdbcEnvironmentInitiator$ConnectionProviderJdbcConnectionAccess@22d7fd41] for (non-JTA) DDL execution was not in auto-commit mode; the Connection 'local transaction' will be committed and the Connection will be set into auto-commit mode.
2021-14-05 14:14:06.814 [main] INFO  org.hibernate.event.internal.DefaultLoadEventListener - HHH000327: Error performing load command
org.hibernate.PropertyAccessException: Null value was assigned to a property [class module10.homework2.Course.studentsCount] of primitive type setter of module10.homework2.Course.studentsCount
	at org.hibernate.property.access.spi.SetterFieldImpl.set(SetterFieldImpl.java:58) ~[hibernate-core-5.6.1.Final.jar:5.6.1.Final]
	at org.hibernate.tuple.entity.AbstractEntityTuplizer.setPropertyValues(AbstractEntityTuplizer.java:681) ~[hibernate-core-5.6.1.Final.jar:5.6.1.Final]
	at org.hibernate.tuple.entity.PojoEntityTuplizer.setPropertyValues(PojoEntityTuplizer.java:144) ~[hibernate-core-5.6.1.Final.jar:5.6.1.Final]
	at org.hibernate.persister.entity.AbstractEntityPersister.setPropertyValues(AbstractEntityPersister.java:5244) ~[hibernate-core-5.6.1.Final.jar:5.6.1.Final]
	at org.hibernate.engine.internal.TwoPhaseLoad.initializeEntityFromEntityEntryLoadedState(TwoPhaseLoad.java:253) ~[hibernate-core-5.6.1.Final.jar:5.6.1.Final]
	at org.hibernate.engine.internal.TwoPhaseLoad.initializeEntity(TwoPhaseLoad.java:156) ~[hibernate-core-5.6.1.Final.jar:5.6.1.Final]
	at org.hibernate.engine.internal.TwoPhaseLoad.initializeEntity(TwoPhaseLoad.java:126) ~[hibernate-core-5.6.1.Final.jar:5.6.1.Final]
	at org.hibernate.loader.plan.exec.process.internal.AbstractRowReader.performTwoPhaseLoad(AbstractRowReader.java:221) ~[hibernate-core-5.6.1.Final.jar:5.6.1.Final]
	at org.hibernate.loader.plan.exec.process.internal.AbstractRowReader.finishUp(AbstractRowReader.java:187) ~[hibernate-core-5.6.1.Final.jar:5.6.1.Final]
	at org.hibernate.loader.plan.exec.process.internal.ResultSetProcessorImpl.extractResults(ResultSetProcessorImpl.java:96) ~[hibernate-core-5.6.1.Final.jar:5.6.1.Final]
	at org.hibernate.loader.plan.exec.internal.AbstractLoadPlanBasedLoader.executeLoad(AbstractLoadPlanBasedLoader.java:105) ~[hibernate-core-5.6.1.Final.jar:5.6.1.Final]
	at org.hibernate.loader.entity.plan.AbstractLoadPlanBasedEntityLoader.load(AbstractLoadPlanBasedEntityLoader.java:285) ~[hibernate-core-5.6.1.Final.jar:5.6.1.Final]
	at org.hibernate.persister.entity.AbstractEntityPersister.doLoad(AbstractEntityPersister.java:4521) ~[hibernate-core-5.6.1.Final.jar:5.6.1.Final]
	at org.hibernate.persister.entity.AbstractEntityPersister.load(AbstractEntityPersister.java:4511) ~[hibernate-core-5.6.1.Final.jar:5.6.1.Final]
	at org.hibernate.event.internal.DefaultLoadEventListener.loadFromDatasource(DefaultLoadEventListener.java:571) ~[hibernate-core-5.6.1.Final.jar:5.6.1.Final]
	at org.hibernate.event.internal.DefaultLoadEventListener.doLoad(DefaultLoadEventListener.java:539) ~[hibernate-core-5.6.1.Final.jar:5.6.1.Final]
	at org.hibernate.event.internal.DefaultLoadEventListener.load(DefaultLoadEventListener.java:208) ~[hibernate-core-5.6.1.Final.jar:5.6.1.Final]
	at org.hibernate.event.internal.DefaultLoadEventListener.proxyOrLoad(DefaultLoadEventListener.java:327) ~[hibernate-core-5.6.1.Final.jar:5.6.1.Final]
	at org.hibernate.event.internal.DefaultLoadEventListener.doOnLoad(DefaultLoadEventListener.java:108) ~[hibernate-core-5.6.1.Final.jar:5.6.1.Final]
	at org.hibernate.event.internal.DefaultLoadEventListener.onLoad(DefaultLoadEventListener.java:74) ~[hibernate-core-5.6.1.Final.jar:5.6.1.Final]
	at org.hibernate.event.service.internal.EventListenerGroupImpl.fireEventOnEachListener(EventListenerGroupImpl.java:118) ~[hibernate-core-5.6.1.Final.jar:5.6.1.Final]
	at org.hibernate.internal.SessionImpl.fireLoadNoChecks(SessionImpl.java:1240) ~[hibernate-core-5.6.1.Final.jar:5.6.1.Final]
	at org.hibernate.internal.SessionImpl.fireLoad(SessionImpl.java:1229) ~[hibernate-core-5.6.1.Final.jar:5.6.1.Final]
	at org.hibernate.internal.SessionImpl.access$2100(SessionImpl.java:201) ~[hibernate-core-5.6.1.Final.jar:5.6.1.Final]
	at org.hibernate.internal.SessionImpl$IdentifierLoadAccessImpl.doLoad(SessionImpl.java:2844) ~[hibernate-core-5.6.1.Final.jar:5.6.1.Final]
	at org.hibernate.internal.SessionImpl$IdentifierLoadAccessImpl.lambda$load$1(SessionImpl.java:2821) ~[hibernate-core-5.6.1.Final.jar:5.6.1.Final]
	at org.hibernate.internal.SessionImpl$IdentifierLoadAccessImpl.perform(SessionImpl.java:2777) [hibernate-core-5.6.1.Final.jar:5.6.1.Final]
	at org.hibernate.internal.SessionImpl$IdentifierLoadAccessImpl.load(SessionImpl.java:2821) [hibernate-core-5.6.1.Final.jar:5.6.1.Final]
	at org.hibernate.internal.SessionImpl.get(SessionImpl.java:1037) [hibernate-core-5.6.1.Final.jar:5.6.1.Final]
	at jdk.internal.reflect.GeneratedMethodAccessor11.invoke(Unknown Source) ~[?:?]
	at jdk.internal.reflect.DelegatingMethodAccessorImpl.invoke(DelegatingMethodAccessorImpl.java:43) ~[?:?]
	at java.lang.reflect.Method.invoke(Method.java:566) ~[?:?]
	at org.hibernate.context.internal.ThreadLocalSessionContext$TransactionProtectionWrapper.invoke(ThreadLocalSessionContext.java:351) [hibernate-core-5.6.1.Final.jar:5.6.1.Final]
	at com.sun.proxy.$Proxy60.get(Unknown Source) [?:?]
	at module10.homework2.Main.main(Main.java:28) [classes/:?]
Caused by: java.lang.IllegalArgumentException: Can not set int field module10.homework2.Course.studentsCount to null value
	at jdk.internal.reflect.UnsafeFieldAccessorImpl.throwSetIllegalArgumentException(UnsafeFieldAccessorImpl.java:167) ~[?:?]
	at jdk.internal.reflect.UnsafeFieldAccessorImpl.throwSetIllegalArgumentException(UnsafeFieldAccessorImpl.java:171) ~[?:?]
	at jdk.internal.reflect.UnsafeIntegerFieldAccessorImpl.set(UnsafeIntegerFieldAccessorImpl.java:80) ~[?:?]
	at java.lang.reflect.Field.set(Field.java:780) ~[?:?]
	at org.hibernate.property.access.spi.SetterFieldImpl.set(SetterFieldImpl.java:52) ~[hibernate-core-5.6.1.Final.jar:5.6.1.Final]
	... 34 more
2021-14-05 14:14:06.864 [main] INFO  org.hibernate.orm.connections.pooling - HHH10001008: Cleaning up connection pool [jdbc:mysql://localhost:3306/skillbox?useSSL=false]
2021-19-05 14:19:01.885 [main] INFO  org.hibernate.Version - HHH000412: Hibernate ORM core version 5.6.1.Final
2021-19-05 14:19:03.277 [main] INFO  org.hibernate.annotations.common.Version - HCANN000001: Hibernate Commons Annotations {5.1.2.Final}
2021-19-05 14:19:03.858 [main] INFO  org.hibernate.orm.connections.pooling - HHH10001005: using driver [com.mysql.cj.jdbc.Driver] at URL [jdbc:mysql://localhost:3306/skillbox?useSSL=false]
2021-19-05 14:19:03.858 [main] INFO  org.hibernate.orm.connections.pooling - HHH10001001: Connection properties: {password=password, user=root}
2021-19-05 14:19:03.858 [main] INFO  org.hibernate.orm.connections.pooling - HHH10001003: Autocommit mode: false
2021-19-05 14:19:03.873 [main] INFO  org.hibernate.engine.jdbc.connections.internal.DriverManagerConnectionProviderImpl - HHH000115: Hibernate connection pool size: 10 (min=1)
2021-19-05 14:19:04.159 [main] INFO  org.hibernate.dialect.Dialect - HHH000400: Using dialect: org.hibernate.dialect.MySQL5Dialect
2021-19-05 14:19:05.598 [main] INFO  org.hibernate.orm.connections.access - HHH10001501: Connection obtained from JdbcConnectionAccess [org.hibernate.engine.jdbc.env.internal.JdbcEnvironmentInitiator$ConnectionProviderJdbcConnectionAccess@3b009e7b] for (non-JTA) DDL execution was not in auto-commit mode; the Connection 'local transaction' will be committed and the Connection will be set into auto-commit mode.
2021-19-05 14:19:06.210 [main] INFO  org.hibernate.event.internal.DefaultLoadEventListener - HHH000327: Error performing load command
org.hibernate.PropertyAccessException: Null value was assigned to a property [class module10.homework2.Course.studentsCount] of primitive type setter of module10.homework2.Course.studentsCount
	at org.hibernate.property.access.spi.SetterFieldImpl.set(SetterFieldImpl.java:58) ~[hibernate-core-5.6.1.Final.jar:5.6.1.Final]
	at org.hibernate.tuple.entity.AbstractEntityTuplizer.setPropertyValues(AbstractEntityTuplizer.java:681) ~[hibernate-core-5.6.1.Final.jar:5.6.1.Final]
	at org.hibernate.tuple.entity.PojoEntityTuplizer.setPropertyValues(PojoEntityTuplizer.java:144) ~[hibernate-core-5.6.1.Final.jar:5.6.1.Final]
	at org.hibernate.persister.entity.AbstractEntityPersister.setPropertyValues(AbstractEntityPersister.java:5244) ~[hibernate-core-5.6.1.Final.jar:5.6.1.Final]
	at org.hibernate.engine.internal.TwoPhaseLoad.initializeEntityFromEntityEntryLoadedState(TwoPhaseLoad.java:253) ~[hibernate-core-5.6.1.Final.jar:5.6.1.Final]
	at org.hibernate.engine.internal.TwoPhaseLoad.initializeEntity(TwoPhaseLoad.java:156) ~[hibernate-core-5.6.1.Final.jar:5.6.1.Final]
	at org.hibernate.engine.internal.TwoPhaseLoad.initializeEntity(TwoPhaseLoad.java:126) ~[hibernate-core-5.6.1.Final.jar:5.6.1.Final]
	at org.hibernate.loader.plan.exec.process.internal.AbstractRowReader.performTwoPhaseLoad(AbstractRowReader.java:221) ~[hibernate-core-5.6.1.Final.jar:5.6.1.Final]
	at org.hibernate.loader.plan.exec.process.internal.AbstractRowReader.finishUp(AbstractRowReader.java:187) ~[hibernate-core-5.6.1.Final.jar:5.6.1.Final]
	at org.hibernate.loader.plan.exec.process.internal.ResultSetProcessorImpl.extractResults(ResultSetProcessorImpl.java:96) ~[hibernate-core-5.6.1.Final.jar:5.6.1.Final]
	at org.hibernate.loader.plan.exec.internal.AbstractLoadPlanBasedLoader.executeLoad(AbstractLoadPlanBasedLoader.java:105) ~[hibernate-core-5.6.1.Final.jar:5.6.1.Final]
	at org.hibernate.loader.entity.plan.AbstractLoadPlanBasedEntityLoader.load(AbstractLoadPlanBasedEntityLoader.java:285) ~[hibernate-core-5.6.1.Final.jar:5.6.1.Final]
	at org.hibernate.persister.entity.AbstractEntityPersister.doLoad(AbstractEntityPersister.java:4521) ~[hibernate-core-5.6.1.Final.jar:5.6.1.Final]
	at org.hibernate.persister.entity.AbstractEntityPersister.load(AbstractEntityPersister.java:4511) ~[hibernate-core-5.6.1.Final.jar:5.6.1.Final]
	at org.hibernate.event.internal.DefaultLoadEventListener.loadFromDatasource(DefaultLoadEventListener.java:571) ~[hibernate-core-5.6.1.Final.jar:5.6.1.Final]
	at org.hibernate.event.internal.DefaultLoadEventListener.doLoad(DefaultLoadEventListener.java:539) ~[hibernate-core-5.6.1.Final.jar:5.6.1.Final]
	at org.hibernate.event.internal.DefaultLoadEventListener.load(DefaultLoadEventListener.java:208) ~[hibernate-core-5.6.1.Final.jar:5.6.1.Final]
	at org.hibernate.event.internal.DefaultLoadEventListener.proxyOrLoad(DefaultLoadEventListener.java:327) ~[hibernate-core-5.6.1.Final.jar:5.6.1.Final]
	at org.hibernate.event.internal.DefaultLoadEventListener.doOnLoad(DefaultLoadEventListener.java:108) ~[hibernate-core-5.6.1.Final.jar:5.6.1.Final]
	at org.hibernate.event.internal.DefaultLoadEventListener.onLoad(DefaultLoadEventListener.java:74) ~[hibernate-core-5.6.1.Final.jar:5.6.1.Final]
	at org.hibernate.event.service.internal.EventListenerGroupImpl.fireEventOnEachListener(EventListenerGroupImpl.java:118) ~[hibernate-core-5.6.1.Final.jar:5.6.1.Final]
	at org.hibernate.internal.SessionImpl.fireLoadNoChecks(SessionImpl.java:1240) ~[hibernate-core-5.6.1.Final.jar:5.6.1.Final]
	at org.hibernate.internal.SessionImpl.fireLoad(SessionImpl.java:1229) ~[hibernate-core-5.6.1.Final.jar:5.6.1.Final]
	at org.hibernate.internal.SessionImpl.access$2100(SessionImpl.java:201) ~[hibernate-core-5.6.1.Final.jar:5.6.1.Final]
	at org.hibernate.internal.SessionImpl$IdentifierLoadAccessImpl.doLoad(SessionImpl.java:2844) ~[hibernate-core-5.6.1.Final.jar:5.6.1.Final]
	at org.hibernate.internal.SessionImpl$IdentifierLoadAccessImpl.lambda$load$1(SessionImpl.java:2821) ~[hibernate-core-5.6.1.Final.jar:5.6.1.Final]
	at org.hibernate.internal.SessionImpl$IdentifierLoadAccessImpl.perform(SessionImpl.java:2777) [hibernate-core-5.6.1.Final.jar:5.6.1.Final]
	at org.hibernate.internal.SessionImpl$IdentifierLoadAccessImpl.load(SessionImpl.java:2821) [hibernate-core-5.6.1.Final.jar:5.6.1.Final]
	at org.hibernate.internal.SessionImpl.get(SessionImpl.java:1037) [hibernate-core-5.6.1.Final.jar:5.6.1.Final]
	at jdk.internal.reflect.GeneratedMethodAccessor9.invoke(Unknown Source) ~[?:?]
	at jdk.internal.reflect.DelegatingMethodAccessorImpl.invoke(DelegatingMethodAccessorImpl.java:43) ~[?:?]
	at java.lang.reflect.Method.invoke(Method.java:566) ~[?:?]
	at org.hibernate.context.internal.ThreadLocalSessionContext$TransactionProtectionWrapper.invoke(ThreadLocalSessionContext.java:351) [hibernate-core-5.6.1.Final.jar:5.6.1.Final]
	at com.sun.proxy.$Proxy60.get(Unknown Source) [?:?]
	at module10.homework2.Main.main(Main.java:28) [classes/:?]
Caused by: java.lang.IllegalArgumentException: Can not set int field module10.homework2.Course.studentsCount to null value
	at jdk.internal.reflect.UnsafeFieldAccessorImpl.throwSetIllegalArgumentException(UnsafeFieldAccessorImpl.java:167) ~[?:?]
	at jdk.internal.reflect.UnsafeFieldAccessorImpl.throwSetIllegalArgumentException(UnsafeFieldAccessorImpl.java:171) ~[?:?]
	at jdk.internal.reflect.UnsafeIntegerFieldAccessorImpl.set(UnsafeIntegerFieldAccessorImpl.java:80) ~[?:?]
	at java.lang.reflect.Field.set(Field.java:780) ~[?:?]
	at org.hibernate.property.access.spi.SetterFieldImpl.set(SetterFieldImpl.java:52) ~[hibernate-core-5.6.1.Final.jar:5.6.1.Final]
	... 34 more
2021-19-05 14:19:06.233 [main] INFO  org.hibernate.orm.connections.pooling - HHH10001008: Cleaning up connection pool [jdbc:mysql://localhost:3306/skillbox?useSSL=false]
2021-24-05 14:24:36.776 [main] INFO  org.hibernate.Version - HHH000412: Hibernate ORM core version 5.6.1.Final
2021-24-05 14:24:38.258 [main] INFO  org.hibernate.annotations.common.Version - HCANN000001: Hibernate Commons Annotations {5.1.2.Final}
2021-24-05 14:24:38.771 [main] INFO  org.hibernate.orm.connections.pooling - HHH10001005: using driver [com.mysql.cj.jdbc.Driver] at URL [jdbc:mysql://localhost:3306/skillbox?useSSL=false]
2021-24-05 14:24:38.771 [main] INFO  org.hibernate.orm.connections.pooling - HHH10001001: Connection properties: {password=password, user=root}
2021-24-05 14:24:38.771 [main] INFO  org.hibernate.orm.connections.pooling - HHH10001003: Autocommit mode: false
2021-24-05 14:24:38.786 [main] INFO  org.hibernate.engine.jdbc.connections.internal.DriverManagerConnectionProviderImpl - HHH000115: Hibernate connection pool size: 10 (min=1)
2021-24-05 14:24:39.087 [main] INFO  org.hibernate.dialect.Dialect - HHH000400: Using dialect: org.hibernate.dialect.MySQL5Dialect
2021-24-05 14:24:40.269 [main] INFO  org.hibernate.orm.connections.access - HHH10001501: Connection obtained from JdbcConnectionAccess [org.hibernate.engine.jdbc.env.internal.JdbcEnvironmentInitiator$ConnectionProviderJdbcConnectionAccess@3b009e7b] for (non-JTA) DDL execution was not in auto-commit mode; the Connection 'local transaction' will be committed and the Connection will be set into auto-commit mode.
2021-24-05 14:24:41.054 [main] INFO  org.hibernate.orm.connections.pooling - HHH10001008: Cleaning up connection pool [jdbc:mysql://localhost:3306/skillbox?useSSL=false]
2021-25-05 14:25:38.903 [main] INFO  org.hibernate.Version - HHH000412: Hibernate ORM core version 5.6.1.Final
2021-25-05 14:25:40.113 [main] INFO  org.hibernate.annotations.common.Version - HCANN000001: Hibernate Commons Annotations {5.1.2.Final}
2021-25-05 14:25:40.681 [main] INFO  org.hibernate.orm.connections.pooling - HHH10001005: using driver [com.mysql.cj.jdbc.Driver] at URL [jdbc:mysql://localhost:3306/skillbox?useSSL=false]
2021-25-05 14:25:40.696 [main] INFO  org.hibernate.orm.connections.pooling - HHH10001001: Connection properties: {password=password, user=root}
2021-25-05 14:25:40.696 [main] INFO  org.hibernate.orm.connections.pooling - HHH10001003: Autocommit mode: false
2021-25-05 14:25:40.696 [main] INFO  org.hibernate.engine.jdbc.connections.internal.DriverManagerConnectionProviderImpl - HHH000115: Hibernate connection pool size: 10 (min=1)
2021-25-05 14:25:41.133 [main] INFO  org.hibernate.dialect.Dialect - HHH000400: Using dialect: org.hibernate.dialect.MySQL5Dialect
2021-25-05 14:25:42.298 [main] INFO  org.hibernate.orm.connections.access - HHH10001501: Connection obtained from JdbcConnectionAccess [org.hibernate.engine.jdbc.env.internal.JdbcEnvironmentInitiator$ConnectionProviderJdbcConnectionAccess@46fb0c33] for (non-JTA) DDL execution was not in auto-commit mode; the Connection 'local transaction' will be committed and the Connection will be set into auto-commit mode.
2021-25-05 14:25:42.976 [main] INFO  org.hibernate.orm.connections.pooling - HHH10001008: Cleaning up connection pool [jdbc:mysql://localhost:3306/skillbox?useSSL=false]
2021-31-05 14:31:37.140 [main] INFO  org.hibernate.Version - HHH000412: Hibernate ORM core version 5.6.1.Final
2021-31-05 14:31:38.470 [main] INFO  org.hibernate.annotations.common.Version - HCANN000001: Hibernate Commons Annotations {5.1.2.Final}
2021-31-05 14:31:39.003 [main] INFO  org.hibernate.orm.connections.pooling - HHH10001005: using driver [com.mysql.cj.jdbc.Driver] at URL [jdbc:mysql://localhost:3306/skillbox?useSSL=false]
2021-31-05 14:31:39.003 [main] INFO  org.hibernate.orm.connections.pooling - HHH10001001: Connection properties: {password=password, user=root}
2021-31-05 14:31:39.003 [main] INFO  org.hibernate.orm.connections.pooling - HHH10001003: Autocommit mode: false
2021-31-05 14:31:39.003 [main] INFO  org.hibernate.engine.jdbc.connections.internal.DriverManagerConnectionProviderImpl - HHH000115: Hibernate connection pool size: 10 (min=1)
2021-31-05 14:31:39.335 [main] INFO  org.hibernate.dialect.Dialect - HHH000400: Using dialect: org.hibernate.dialect.MySQL5Dialect
2021-31-05 14:31:40.376 [main] INFO  org.hibernate.orm.connections.access - HHH10001501: Connection obtained from JdbcConnectionAccess [org.hibernate.engine.jdbc.env.internal.JdbcEnvironmentInitiator$ConnectionProviderJdbcConnectionAccess@22d7fd41] for (non-JTA) DDL execution was not in auto-commit mode; the Connection 'local transaction' will be committed and the Connection will be set into auto-commit mode.
2021-31-05 14:31:41.342 [main] INFO  org.hibernate.orm.connections.pooling - HHH10001008: Cleaning up connection pool [jdbc:mysql://localhost:3306/skillbox?useSSL=false]
2021-34-05 14:34:15.286 [main] INFO  org.hibernate.Version - HHH000412: Hibernate ORM core version 5.6.1.Final
2021-34-05 14:34:16.649 [main] INFO  org.hibernate.annotations.common.Version - HCANN000001: Hibernate Commons Annotations {5.1.2.Final}
2021-34-05 14:34:17.227 [main] INFO  org.hibernate.orm.connections.pooling - HHH10001005: using driver [com.mysql.cj.jdbc.Driver] at URL [jdbc:mysql://localhost:3306/skillbox?useSSL=false]
2021-34-05 14:34:17.227 [main] INFO  org.hibernate.orm.connections.pooling - HHH10001001: Connection properties: {password=password, user=root}
2021-34-05 14:34:17.227 [main] INFO  org.hibernate.orm.connections.pooling - HHH10001003: Autocommit mode: false
2021-34-05 14:34:17.227 [main] INFO  org.hibernate.engine.jdbc.connections.internal.DriverManagerConnectionProviderImpl - HHH000115: Hibernate connection pool size: 10 (min=1)
2021-34-05 14:34:17.527 [main] INFO  org.hibernate.dialect.Dialect - HHH000400: Using dialect: org.hibernate.dialect.MySQL5Dialect
2021-34-05 14:34:18.773 [main] INFO  org.hibernate.orm.connections.access - HHH10001501: Connection obtained from JdbcConnectionAccess [org.hibernate.engine.jdbc.env.internal.JdbcEnvironmentInitiator$ConnectionProviderJdbcConnectionAccess@2c748a15] for (non-JTA) DDL execution was not in auto-commit mode; the Connection 'local transaction' will be committed and the Connection will be set into auto-commit mode.
2021-34-05 14:34:19.642 [main] INFO  org.hibernate.orm.connections.pooling - HHH10001008: Cleaning up connection pool [jdbc:mysql://localhost:3306/skillbox?useSSL=false]
2021-35-05 14:35:51.603 [main] INFO  org.hibernate.Version - HHH000412: Hibernate ORM core version 5.6.1.Final
2021-35-05 14:35:53.149 [main] INFO  org.hibernate.annotations.common.Version - HCANN000001: Hibernate Commons Annotations {5.1.2.Final}
2021-35-05 14:35:53.608 [main] INFO  org.hibernate.orm.connections.pooling - HHH10001005: using driver [com.mysql.cj.jdbc.Driver] at URL [jdbc:mysql://localhost:3306/skillbox?allowPublicKeyRetrieval=true]
2021-35-05 14:35:53.609 [main] INFO  org.hibernate.orm.connections.pooling - HHH10001001: Connection properties: {password=password, user=root}
2021-35-05 14:35:53.609 [main] INFO  org.hibernate.orm.connections.pooling - HHH10001003: Autocommit mode: false
2021-35-05 14:35:53.612 [main] INFO  org.hibernate.engine.jdbc.connections.internal.DriverManagerConnectionProviderImpl - HHH000115: Hibernate connection pool size: 10 (min=1)
2021-35-05 14:35:54.301 [main] INFO  org.hibernate.dialect.Dialect - HHH000400: Using dialect: org.hibernate.dialect.MySQL5Dialect
2021-35-05 14:35:55.317 [main] INFO  org.hibernate.orm.connections.access - HHH10001501: Connection obtained from JdbcConnectionAccess [org.hibernate.engine.jdbc.env.internal.JdbcEnvironmentInitiator$ConnectionProviderJdbcConnectionAccess@70997a94] for (non-JTA) DDL execution was not in auto-commit mode; the Connection 'local transaction' will be committed and the Connection will be set into auto-commit mode.
2021-35-05 14:35:55.841 [main] INFO  org.hibernate.orm.connections.pooling - HHH10001008: Cleaning up connection pool [jdbc:mysql://localhost:3306/skillbox?allowPublicKeyRetrieval=true]
2021-39-05 14:39:01.117 [main] INFO  org.hibernate.Version - HHH000412: Hibernate ORM core version 5.6.1.Final
2021-39-05 14:39:02.368 [main] INFO  org.hibernate.annotations.common.Version - HCANN000001: Hibernate Commons Annotations {5.1.2.Final}
2021-39-05 14:39:03.025 [main] INFO  org.hibernate.orm.connections.pooling - HHH10001005: using driver [com.mysql.cj.jdbc.Driver] at URL [jdbc:mysql://localhost:3306/skillbox?allowPublicKeyRetrieval=true]
2021-39-05 14:39:03.026 [main] INFO  org.hibernate.orm.connections.pooling - HHH10001001: Connection properties: {password=password, user=root}
2021-39-05 14:39:03.026 [main] INFO  org.hibernate.orm.connections.pooling - HHH10001003: Autocommit mode: false
2021-39-05 14:39:03.031 [main] INFO  org.hibernate.engine.jdbc.connections.internal.DriverManagerConnectionProviderImpl - HHH000115: Hibernate connection pool size: 10 (min=1)
2021-39-05 14:39:03.829 [main] INFO  org.hibernate.dialect.Dialect - HHH000400: Using dialect: org.hibernate.dialect.MySQL5Dialect
2021-39-05 14:39:04.992 [main] INFO  org.hibernate.orm.connections.access - HHH10001501: Connection obtained from JdbcConnectionAccess [org.hibernate.engine.jdbc.env.internal.JdbcEnvironmentInitiator$ConnectionProviderJdbcConnectionAccess@70ede57d] for (non-JTA) DDL execution was not in auto-commit mode; the Connection 'local transaction' will be committed and the Connection will be set into auto-commit mode.
2021-39-05 14:39:05.548 [main] INFO  org.hibernate.orm.connections.pooling - HHH10001008: Cleaning up connection pool [jdbc:mysql://localhost:3306/skillbox?allowPublicKeyRetrieval=true]
2021-41-05 14:41:28.660 [main] INFO  org.hibernate.Version - HHH000412: Hibernate ORM core version 5.6.1.Final
2021-41-05 14:41:30.127 [main] INFO  org.hibernate.annotations.common.Version - HCANN000001: Hibernate Commons Annotations {5.1.2.Final}
2021-41-05 14:41:30.705 [main] INFO  org.hibernate.orm.connections.pooling - HHH10001005: using driver [com.mysql.cj.jdbc.Driver] at URL [jdbc:mysql://localhost:3306/skillbox?allowPublicKeyRetrieval=true]
2021-41-05 14:41:30.706 [main] INFO  org.hibernate.orm.connections.pooling - HHH10001001: Connection properties: {password=password, user=root}
2021-41-05 14:41:30.706 [main] INFO  org.hibernate.orm.connections.pooling - HHH10001003: Autocommit mode: false
2021-41-05 14:41:30.713 [main] INFO  org.hibernate.engine.jdbc.connections.internal.DriverManagerConnectionProviderImpl - HHH000115: Hibernate connection pool size: 10 (min=1)
2021-41-05 14:41:31.470 [main] INFO  org.hibernate.dialect.Dialect - HHH000400: Using dialect: org.hibernate.dialect.MySQL5Dialect
2021-41-05 14:41:32.955 [main] INFO  org.hibernate.orm.connections.access - HHH10001501: Connection obtained from JdbcConnectionAccess [org.hibernate.engine.jdbc.env.internal.JdbcEnvironmentInitiator$ConnectionProviderJdbcConnectionAccess@631c6d11] for (non-JTA) DDL execution was not in auto-commit mode; the Connection 'local transaction' will be committed and the Connection will be set into auto-commit mode.
2021-41-05 14:41:33.908 [main] INFO  org.hibernate.orm.connections.pooling - HHH10001008: Cleaning up connection pool [jdbc:mysql://localhost:3306/skillbox?allowPublicKeyRetrieval=true]
2021-49-05 14:49:47.141 [main] INFO  org.hibernate.Version - HHH000412: Hibernate ORM core version 5.6.1.Final
2021-49-05 14:49:48.558 [main] INFO  org.hibernate.annotations.common.Version - HCANN000001: Hibernate Commons Annotations {5.1.2.Final}
2021-49-05 14:49:49.135 [main] INFO  org.hibernate.orm.connections.pooling - HHH10001005: using driver [com.mysql.cj.jdbc.Driver] at URL [jdbc:mysql://localhost:3306/skillbox?allowPublicKeyRetrieval=true]
2021-49-05 14:49:49.135 [main] INFO  org.hibernate.orm.connections.pooling - HHH10001001: Connection properties: {password=password, user=root}
2021-49-05 14:49:49.135 [main] INFO  org.hibernate.orm.connections.pooling - HHH10001003: Autocommit mode: false
2021-49-05 14:49:49.139 [main] INFO  org.hibernate.engine.jdbc.connections.internal.DriverManagerConnectionProviderImpl - HHH000115: Hibernate connection pool size: 10 (min=1)
2021-49-05 14:49:49.985 [main] INFO  org.hibernate.dialect.Dialect - HHH000400: Using dialect: org.hibernate.dialect.MySQL5Dialect
2021-49-05 14:49:51.460 [main] INFO  org.hibernate.orm.connections.access - HHH10001501: Connection obtained from JdbcConnectionAccess [org.hibernate.engine.jdbc.env.internal.JdbcEnvironmentInitiator$ConnectionProviderJdbcConnectionAccess@377949f1] for (non-JTA) DDL execution was not in auto-commit mode; the Connection 'local transaction' will be committed and the Connection will be set into auto-commit mode.
2021-49-05 14:49:52.095 [main] INFO  org.hibernate.orm.connections.pooling - HHH10001008: Cleaning up connection pool [jdbc:mysql://localhost:3306/skillbox?allowPublicKeyRetrieval=true]
2021-14-05 15:14:26.676 [main] INFO  org.hibernate.Version - HHH000412: Hibernate ORM core version 5.6.1.Final
2021-14-05 15:14:28.196 [main] INFO  org.hibernate.annotations.common.Version - HCANN000001: Hibernate Commons Annotations {5.1.2.Final}
2021-14-05 15:14:28.879 [main] INFO  org.hibernate.orm.connections.pooling - HHH10001005: using driver [com.mysql.cj.jdbc.Driver] at URL [jdbc:mysql://localhost:3306/skillbox?allowPublicKeyRetrieval=true]
2021-14-05 15:14:28.879 [main] INFO  org.hibernate.orm.connections.pooling - HHH10001001: Connection properties: {password=password, user=root}
2021-14-05 15:14:28.879 [main] INFO  org.hibernate.orm.connections.pooling - HHH10001003: Autocommit mode: false
2021-14-05 15:14:28.883 [main] INFO  org.hibernate.engine.jdbc.connections.internal.DriverManagerConnectionProviderImpl - HHH000115: Hibernate connection pool size: 10 (min=1)
2021-14-05 15:14:29.780 [main] INFO  org.hibernate.dialect.Dialect - HHH000400: Using dialect: org.hibernate.dialect.MySQL5Dialect
2021-14-05 15:14:30.950 [main] INFO  org.hibernate.orm.connections.access - HHH10001501: Connection obtained from JdbcConnectionAccess [org.hibernate.engine.jdbc.env.internal.JdbcEnvironmentInitiator$ConnectionProviderJdbcConnectionAccess@70ede57d] for (non-JTA) DDL execution was not in auto-commit mode; the Connection 'local transaction' will be committed and the Connection will be set into auto-commit mode.
2021-14-05 15:14:31.534 [main] INFO  org.hibernate.orm.connections.pooling - HHH10001008: Cleaning up connection pool [jdbc:mysql://localhost:3306/skillbox?allowPublicKeyRetrieval=true]
2021-33-05 15:33:53.053 [main] INFO  org.hibernate.Version - HHH000412: Hibernate ORM core version 5.6.1.Final
2021-33-05 15:33:54.359 [main] INFO  org.hibernate.annotations.common.Version - HCANN000001: Hibernate Commons Annotations {5.1.2.Final}
2021-33-05 15:33:54.852 [main] INFO  org.hibernate.orm.connections.pooling - HHH10001005: using driver [com.mysql.cj.jdbc.Driver] at URL [jdbc:mysql://localhost:3306/skillbox?allowPublicKeyRetrieval=true]
2021-33-05 15:33:54.852 [main] INFO  org.hibernate.orm.connections.pooling - HHH10001001: Connection properties: {password=password, user=root}
2021-33-05 15:33:54.852 [main] INFO  org.hibernate.orm.connections.pooling - HHH10001003: Autocommit mode: false
2021-33-05 15:33:54.856 [main] INFO  org.hibernate.engine.jdbc.connections.internal.DriverManagerConnectionProviderImpl - HHH000115: Hibernate connection pool size: 10 (min=1)
2021-33-05 15:33:55.536 [main] INFO  org.hibernate.dialect.Dialect - HHH000400: Using dialect: org.hibernate.dialect.MySQL5Dialect
2021-33-05 15:33:56.750 [main] INFO  org.hibernate.orm.connections.access - HHH10001501: Connection obtained from JdbcConnectionAccess [org.hibernate.engine.jdbc.env.internal.JdbcEnvironmentInitiator$ConnectionProviderJdbcConnectionAccess@70ede57d] for (non-JTA) DDL execution was not in auto-commit mode; the Connection 'local transaction' will be committed and the Connection will be set into auto-commit mode.
2021-33-05 15:33:57.223 [main] INFO  org.hibernate.orm.connections.pooling - HHH10001008: Cleaning up connection pool [jdbc:mysql://localhost:3306/skillbox?allowPublicKeyRetrieval=true]
2021-34-05 15:34:38.799 [main] INFO  org.hibernate.Version - HHH000412: Hibernate ORM core version 5.6.1.Final
2021-34-05 15:34:40.320 [main] INFO  org.hibernate.annotations.common.Version - HCANN000001: Hibernate Commons Annotations {5.1.2.Final}
2021-34-05 15:34:41.093 [main] INFO  org.hibernate.orm.connections.pooling - HHH10001005: using driver [com.mysql.cj.jdbc.Driver] at URL [jdbc:mysql://localhost:3306/skillbox?allowPublicKeyRetrieval=true]
2021-34-05 15:34:41.097 [main] INFO  org.hibernate.orm.connections.pooling - HHH10001001: Connection properties: {password=password, user=root}
2021-34-05 15:34:41.097 [main] INFO  org.hibernate.orm.connections.pooling - HHH10001003: Autocommit mode: false
2021-34-05 15:34:41.105 [main] INFO  org.hibernate.engine.jdbc.connections.internal.DriverManagerConnectionProviderImpl - HHH000115: Hibernate connection pool size: 10 (min=1)
2021-34-05 15:34:42.171 [main] INFO  org.hibernate.dialect.Dialect - HHH000400: Using dialect: org.hibernate.dialect.MySQL5Dialect
2021-34-05 15:34:43.882 [main] INFO  org.hibernate.orm.connections.access - HHH10001501: Connection obtained from JdbcConnectionAccess [org.hibernate.engine.jdbc.env.internal.JdbcEnvironmentInitiator$ConnectionProviderJdbcConnectionAccess@70ede57d] for (non-JTA) DDL execution was not in auto-commit mode; the Connection 'local transaction' will be committed and the Connection will be set into auto-commit mode.
2021-34-05 15:34:44.619 [main] INFO  org.hibernate.orm.connections.pooling - HHH10001008: Cleaning up connection pool [jdbc:mysql://localhost:3306/skillbox?allowPublicKeyRetrieval=true]
2021-35-05 15:35:13.024 [main] INFO  org.hibernate.Version - HHH000412: Hibernate ORM core version 5.6.1.Final
2021-35-05 15:35:14.284 [main] INFO  org.hibernate.annotations.common.Version - HCANN000001: Hibernate Commons Annotations {5.1.2.Final}
2021-35-05 15:35:14.846 [main] INFO  org.hibernate.orm.connections.pooling - HHH10001005: using driver [com.mysql.cj.jdbc.Driver] at URL [jdbc:mysql://localhost:3306/skillbox?allowPublicKeyRetrieval=true]
2021-35-05 15:35:14.847 [main] INFO  org.hibernate.orm.connections.pooling - HHH10001001: Connection properties: {password=password, user=root}
2021-35-05 15:35:14.847 [main] INFO  org.hibernate.orm.connections.pooling - HHH10001003: Autocommit mode: false
2021-35-05 15:35:14.853 [main] INFO  org.hibernate.engine.jdbc.connections.internal.DriverManagerConnectionProviderImpl - HHH000115: Hibernate connection pool size: 10 (min=1)
2021-35-05 15:35:15.554 [main] INFO  org.hibernate.dialect.Dialect - HHH000400: Using dialect: org.hibernate.dialect.MySQL5Dialect
2021-35-05 15:35:16.702 [main] INFO  org.hibernate.orm.connections.access - HHH10001501: Connection obtained from JdbcConnectionAccess [org.hibernate.engine.jdbc.env.internal.JdbcEnvironmentInitiator$ConnectionProviderJdbcConnectionAccess@70ede57d] for (non-JTA) DDL execution was not in auto-commit mode; the Connection 'local transaction' will be committed and the Connection will be set into auto-commit mode.
2021-35-05 15:35:17.343 [main] INFO  org.hibernate.orm.connections.pooling - HHH10001008: Cleaning up connection pool [jdbc:mysql://localhost:3306/skillbox?allowPublicKeyRetrieval=true]
2021-39-05 15:39:52.373 [main] INFO  org.hibernate.Version - HHH000412: Hibernate ORM core version 5.6.1.Final
2021-39-05 15:39:53.831 [main] INFO  org.hibernate.annotations.common.Version - HCANN000001: Hibernate Commons Annotations {5.1.2.Final}
2021-39-05 15:39:54.352 [main] INFO  org.hibernate.orm.connections.pooling - HHH10001005: using driver [com.mysql.cj.jdbc.Driver] at URL [jdbc:mysql://localhost:3306/skillbox?allowPublicKeyRetrieval=true]
2021-39-05 15:39:54.352 [main] INFO  org.hibernate.orm.connections.pooling - HHH10001001: Connection properties: {password=password, user=root}
2021-39-05 15:39:54.352 [main] INFO  org.hibernate.orm.connections.pooling - HHH10001003: Autocommit mode: false
2021-39-05 15:39:54.360 [main] INFO  org.hibernate.engine.jdbc.connections.internal.DriverManagerConnectionProviderImpl - HHH000115: Hibernate connection pool size: 10 (min=1)
2021-39-05 15:39:55.038 [main] INFO  org.hibernate.dialect.Dialect - HHH000400: Using dialect: org.hibernate.dialect.MySQL5Dialect
2021-39-05 15:39:56.193 [main] INFO  org.hibernate.orm.connections.access - HHH10001501: Connection obtained from JdbcConnectionAccess [org.hibernate.engine.jdbc.env.internal.JdbcEnvironmentInitiator$ConnectionProviderJdbcConnectionAccess@70ede57d] for (non-JTA) DDL execution was not in auto-commit mode; the Connection 'local transaction' will be committed and the Connection will be set into auto-commit mode.
2021-39-05 15:39:56.721 [main] INFO  org.hibernate.orm.connections.pooling - HHH10001008: Cleaning up connection pool [jdbc:mysql://localhost:3306/skillbox?allowPublicKeyRetrieval=true]
2021-40-05 15:40:23.449 [main] INFO  org.hibernate.Version - HHH000412: Hibernate ORM core version 5.6.1.Final
2021-40-05 15:40:24.965 [main] INFO  org.hibernate.annotations.common.Version - HCANN000001: Hibernate Commons Annotations {5.1.2.Final}
2021-40-05 15:40:25.505 [main] INFO  org.hibernate.orm.connections.pooling - HHH10001005: using driver [com.mysql.cj.jdbc.Driver] at URL [jdbc:mysql://localhost:3306/skillbox?allowPublicKeyRetrieval=true]
2021-40-05 15:40:25.509 [main] INFO  org.hibernate.orm.connections.pooling - HHH10001001: Connection properties: {password=password, user=root}
2021-40-05 15:40:25.509 [main] INFO  org.hibernate.orm.connections.pooling - HHH10001003: Autocommit mode: false
2021-40-05 15:40:25.513 [main] INFO  org.hibernate.engine.jdbc.connections.internal.DriverManagerConnectionProviderImpl - HHH000115: Hibernate connection pool size: 10 (min=1)
2021-40-05 15:40:26.343 [main] INFO  org.hibernate.dialect.Dialect - HHH000400: Using dialect: org.hibernate.dialect.MySQL5Dialect
2021-40-05 15:40:27.618 [main] INFO  org.hibernate.orm.connections.access - HHH10001501: Connection obtained from JdbcConnectionAccess [org.hibernate.engine.jdbc.env.internal.JdbcEnvironmentInitiator$ConnectionProviderJdbcConnectionAccess@377949f1] for (non-JTA) DDL execution was not in auto-commit mode; the Connection 'local transaction' will be committed and the Connection will be set into auto-commit mode.
2021-40-05 15:40:28.142 [main] INFO  org.hibernate.orm.connections.pooling - HHH10001008: Cleaning up connection pool [jdbc:mysql://localhost:3306/skillbox?allowPublicKeyRetrieval=true]
2021-45-05 15:45:46.903 [main] INFO  org.hibernate.Version - HHH000412: Hibernate ORM core version 5.6.1.Final
2021-45-05 15:45:48.413 [main] INFO  org.hibernate.annotations.common.Version - HCANN000001: Hibernate Commons Annotations {5.1.2.Final}
2021-45-05 15:45:49.074 [main] INFO  org.hibernate.orm.connections.pooling - HHH10001005: using driver [com.mysql.cj.jdbc.Driver] at URL [jdbc:mysql://localhost:3306/skillbox?allowPublicKeyRetrieval=true]
2021-45-05 15:45:49.074 [main] INFO  org.hibernate.orm.connections.pooling - HHH10001001: Connection properties: {password=password, user=root}
2021-45-05 15:45:49.074 [main] INFO  org.hibernate.orm.connections.pooling - HHH10001003: Autocommit mode: false
2021-45-05 15:45:49.074 [main] INFO  org.hibernate.engine.jdbc.connections.internal.DriverManagerConnectionProviderImpl - HHH000115: Hibernate connection pool size: 10 (min=1)
2021-45-05 15:45:50.213 [main] INFO  org.hibernate.dialect.Dialect - HHH000400: Using dialect: org.hibernate.dialect.MySQL5Dialect
2021-45-05 15:45:51.943 [main] INFO  org.hibernate.orm.connections.access - HHH10001501: Connection obtained from JdbcConnectionAccess [org.hibernate.engine.jdbc.env.internal.JdbcEnvironmentInitiator$ConnectionProviderJdbcConnectionAccess@70ede57d] for (non-JTA) DDL execution was not in auto-commit mode; the Connection 'local transaction' will be committed and the Connection will be set into auto-commit mode.
2021-45-05 15:45:52.584 [main] INFO  org.hibernate.orm.connections.pooling - HHH10001008: Cleaning up connection pool [jdbc:mysql://localhost:3306/skillbox?allowPublicKeyRetrieval=true]
2021-47-05 15:47:11.634 [main] INFO  org.hibernate.Version - HHH000412: Hibernate ORM core version 5.6.1.Final
2021-47-05 15:47:12.835 [main] INFO  org.hibernate.annotations.common.Version - HCANN000001: Hibernate Commons Annotations {5.1.2.Final}
2021-47-05 15:47:13.356 [main] INFO  org.hibernate.orm.connections.pooling - HHH10001005: using driver [com.mysql.cj.jdbc.Driver] at URL [jdbc:mysql://localhost:3306/skillbox?allowPublicKeyRetrieval=true]
2021-47-05 15:47:13.357 [main] INFO  org.hibernate.orm.connections.pooling - HHH10001001: Connection properties: {password=password, user=root}
2021-47-05 15:47:13.357 [main] INFO  org.hibernate.orm.connections.pooling - HHH10001003: Autocommit mode: false
2021-47-05 15:47:13.362 [main] INFO  org.hibernate.engine.jdbc.connections.internal.DriverManagerConnectionProviderImpl - HHH000115: Hibernate connection pool size: 10 (min=1)
2021-47-05 15:47:14.058 [main] INFO  org.hibernate.dialect.Dialect - HHH000400: Using dialect: org.hibernate.dialect.MySQL5Dialect
2021-47-05 15:47:15.564 [main] INFO  org.hibernate.orm.connections.access - HHH10001501: Connection obtained from JdbcConnectionAccess [org.hibernate.engine.jdbc.env.internal.JdbcEnvironmentInitiator$ConnectionProviderJdbcConnectionAccess@70ede57d] for (non-JTA) DDL execution was not in auto-commit mode; the Connection 'local transaction' will be committed and the Connection will be set into auto-commit mode.
2021-47-05 15:47:16.296 [main] INFO  org.hibernate.orm.connections.pooling - HHH10001008: Cleaning up connection pool [jdbc:mysql://localhost:3306/skillbox?allowPublicKeyRetrieval=true]
2021-48-05 15:48:09.022 [main] INFO  org.hibernate.Version - HHH000412: Hibernate ORM core version 5.6.1.Final
2021-48-05 15:48:10.694 [main] INFO  org.hibernate.annotations.common.Version - HCANN000001: Hibernate Commons Annotations {5.1.2.Final}
2021-48-05 15:48:11.389 [main] INFO  org.hibernate.orm.connections.pooling - HHH10001005: using driver [com.mysql.cj.jdbc.Driver] at URL [jdbc:mysql://localhost:3306/skillbox?allowPublicKeyRetrieval=true]
2021-48-05 15:48:11.390 [main] INFO  org.hibernate.orm.connections.pooling - HHH10001001: Connection properties: {password=password, user=root}
2021-48-05 15:48:11.390 [main] INFO  org.hibernate.orm.connections.pooling - HHH10001003: Autocommit mode: false
2021-48-05 15:48:11.395 [main] INFO  org.hibernate.engine.jdbc.connections.internal.DriverManagerConnectionProviderImpl - HHH000115: Hibernate connection pool size: 10 (min=1)
2021-48-05 15:48:12.195 [main] INFO  org.hibernate.dialect.Dialect - HHH000400: Using dialect: org.hibernate.dialect.MySQL5Dialect
2021-48-05 15:48:13.534 [main] INFO  org.hibernate.orm.connections.access - HHH10001501: Connection obtained from JdbcConnectionAccess [org.hibernate.engine.jdbc.env.internal.JdbcEnvironmentInitiator$ConnectionProviderJdbcConnectionAccess@70ede57d] for (non-JTA) DDL execution was not in auto-commit mode; the Connection 'local transaction' will be committed and the Connection will be set into auto-commit mode.
2021-48-05 15:48:14.203 [main] INFO  org.hibernate.orm.connections.pooling - HHH10001008: Cleaning up connection pool [jdbc:mysql://localhost:3306/skillbox?allowPublicKeyRetrieval=true]
